Arguments: 
  /usr/local/bin/node /usr/local/bin/yarn add -D @eslint/config

PATH: 
  /Library/Frameworks/Python.framework/Versions/3.8/bin:/usr/local/bin:/usr/bin:/bin:/usr/sbin:/sbin:/usr/local/MacGPG2/bin:/Users/stanislavceremuhin/WebstormProjects/palette-extractor/node_modules/.bin

Yarn version: 
  1.22.19

Node version: 
  16.17.1

Platform: 
  darwin x64

Trace: 
  Error: https://registry.yarnpkg.com/@eslint%2fconfig: Not found
      at Request.params.callback [as _callback] (/usr/local/lib/node_modules/yarn/lib/cli.js:66145:18)
      at Request.self.callback (/usr/local/lib/node_modules/yarn/lib/cli.js:140890:22)
      at Request.emit (node:events:513:28)
      at Request.<anonymous> (/usr/local/lib/node_modules/yarn/lib/cli.js:141862:10)
      at Request.emit (node:events:513:28)
      at IncomingMessage.<anonymous> (/usr/local/lib/node_modules/yarn/lib/cli.js:141784:12)
      at Object.onceWrapper (node:events:627:28)
      at IncomingMessage.emit (node:events:525:35)
      at endReadableNT (node:internal/streams/readable:1358:12)
      at processTicksAndRejections (node:internal/process/task_queues:83:21)

npm manifest: 
  {
    "name": "palette-extractor",
    "version": "1.0.0",
    "main": "index.js",
    "type": "module",
    "license": "MIT",
    "dependencies": {
      "chalk": "^5.1.0",
      "image-pixels": "^2.2.2"
    }
  }

yarn manifest: 
  No manifest

Lockfile: 
  # THIS IS AN AUTOGENERATED FILE. DO NOT EDIT THIS FILE DIRECTLY.
  # yarn lockfile v1
  
  
  ajv@^6.12.3:
    version "6.12.6"
    resolved "https://registry.yarnpkg.com/ajv/-/ajv-6.12.6.tgz#baf5a62e802b07d977034586f8c3baf5adf26df4"
    integrity sha512-j3fVLgvTo527anyYyJOGTYJbG+vnnQYvE0m5mmkc1TK+nxAppkCLMIL0aZ4dblVCNoGShhm+kzE4ZUykBoMg4g==
    dependencies:
      fast-deep-equal "^3.1.1"
      fast-json-stable-stringify "^2.0.0"
      json-schema-traverse "^0.4.1"
      uri-js "^4.2.2"
  
  arr-flatten@^1.1.0:
    version "1.1.0"
    resolved "https://registry.yarnpkg.com/arr-flatten/-/arr-flatten-1.1.0.tgz#36048bbff4e7b47e136644316c99669ea5ae91f1"
    integrity sha512-L3hKV5R/p5o81R7O02IGnwpDmkp6E982XhtbuwSe3O4qOtMMMtodicASA1Cny2U+aCXcNpml+m4dPsvsJ3jatg==
  
  arraybuffer-to-string@^1.0.2:
    version "1.0.2"
    resolved "https://registry.yarnpkg.com/arraybuffer-to-string/-/arraybuffer-to-string-1.0.2.tgz#c373aa7bb0e6844d9a2bc9654c8889a9570a26e2"
    integrity sha512-WbIYlLVmvIAyUBdQRRuyGOJRriOQy9OAsWcyURmsRQp9+g647hdMSS2VFKXbJLVw0daUu06hqwLXm9etVrXI9A==
  
  asn1@~0.2.3:
    version "0.2.6"
    resolved "https://registry.yarnpkg.com/asn1/-/asn1-0.2.6.tgz#0d3a7bb6e64e02a90c0303b31f292868ea09a08d"
    integrity sha512-ix/FxPn0MDjeyJ7i/yoHGFt/EX6LyNbxSEhPPXODPL+KB0VPk86UYfL0lMdy+KCnv+fmvIzySwaK5COwqVbWTQ==
    dependencies:
      safer-buffer "~2.1.0"
  
  assert-plus@1.0.0, assert-plus@^1.0.0:
    version "1.0.0"
    resolved "https://registry.yarnpkg.com/assert-plus/-/assert-plus-1.0.0.tgz#f12e0f3c5d77b0b1cdd9146942e4e96c1e4dd525"
    integrity sha512-NfJ4UzBCcQGLDlQq7nHxH+tv3kyZ0hHQqF5BO6J7tNJeP5do1llPr8dZ8zHonfhAu0PHAdMkSo+8o0wxg9lZWw==
  
  asynckit@^0.4.0:
    version "0.4.0"
    resolved "https://registry.yarnpkg.com/asynckit/-/asynckit-0.4.0.tgz#c79ed97f7f34cb8f2ba1bc9790bcc366474b4b79"
    integrity sha512-Oei9OH4tRh0YqU3GxhX79dM/mwVgvbZJaSNaRk+bshkj0S5cfHcgYakreBjrHwatXKbz+IoIdYLxrKim2MjW0Q==
  
  atob-lite@^2.0.0:
    version "2.0.0"
    resolved "https://registry.yarnpkg.com/atob-lite/-/atob-lite-2.0.0.tgz#0fef5ad46f1bd7a8502c65727f0367d5ee43d696"
    integrity sha512-LEeSAWeh2Gfa2FtlQE1shxQ8zi5F9GHarrGKz08TMdODD5T4eH6BMsvtnhbWZ+XQn+Gb6om/917ucvRu7l7ukw==
  
  aws-sign2@~0.7.0:
    version "0.7.0"
    resolved "https://registry.yarnpkg.com/aws-sign2/-/aws-sign2-0.7.0.tgz#b46e890934a9591f2d2f6f86d7e6a9f1b3fe76a8"
    integrity sha512-08kcGqnYf/YmjoRhfxyu+CLxBjUtHLXLXX/vUfx9l2LYzG3c1m61nrpyFUZI6zeS+Li/wWMMidD9KgrqtGq3mA==
  
  aws4@^1.8.0:
    version "1.11.0"
    resolved "https://registry.yarnpkg.com/aws4/-/aws4-1.11.0.tgz#d61f46d83b2519250e2784daf5b09479a8b41c59"
    integrity sha512-xh1Rl34h6Fi1DC2WWKfxUTVqRsNnr6LsKz2+hfwDxQJWmrx8+c7ylaqBMcHfl1U1r2dsifOvKX3LQuLNZ+XSvA==
  
  bcrypt-pbkdf@^1.0.0:
    version "1.0.2"
    resolved "https://registry.yarnpkg.com/bcrypt-pbkdf/-/bcrypt-pbkdf-1.0.2.tgz#a4301d389b6a43f9b67ff3ca11a3f6637e360e9e"
    integrity sha512-qeFIXtP4MSoi6NLqO12WfqARWWuCKi2Rn/9hJLEmtB5yTNr9DqFWkJRCf2qShWzPeAMRnOgCrq0sg/KLv5ES9w==
    dependencies:
      tweetnacl "^0.14.3"
  
  bmp-js@^0.1.0:
    version "0.1.0"
    resolved "https://registry.yarnpkg.com/bmp-js/-/bmp-js-0.1.0.tgz#e05a63f796a6c1ff25f4771ec7adadc148c07233"
    integrity sha512-vHdS19CnY3hwiNdkaqk93DvjVLfbEcI8mys4UjuWrlX1haDmroo8o4xCzh4wD6DGV6HxRCyauwhHRqMTfERtjw==
  
  buffer-to-uint8array@^1.1.0:
    version "1.1.0"
    resolved "https://registry.yarnpkg.com/buffer-to-uint8array/-/buffer-to-uint8array-1.1.0.tgz#cf6f41287c022f458da752c391c1a8d535ec5f72"
    integrity sha512-JVTSbtA6YuOGdu5NL0ffizsBwuwbTXfV7OC91FhazMz9UKP/KlDS+Z7wuiSRClbnTQz52fJgVXI9YDXQRVl2sQ==
  
  caseless@~0.12.0:
    version "0.12.0"
    resolved "https://registry.yarnpkg.com/caseless/-/caseless-0.12.0.tgz#1b681c21ff84033c826543090689420d187151dc"
    integrity sha512-4tYFyifaFfGacoiObjJegolkwSU4xQNGbVgUiNYVUxbQ2x2lUsFvY4hVgVzGiIe6WLOPqycWXA40l+PWsxthUw==
  
  chalk@^5.1.0:
    version "5.1.0"
    resolved "https://registry.yarnpkg.com/chalk/-/chalk-5.1.0.tgz#c4b4a62bfb6df0eeeb5dbc52e6a9ecaff14b9976"
    integrity sha512-56zD4khRTBoIyzUYAFgDDaPhUMN/fC/rySe6aZGqbj/VWiU2eI3l6ZLOtYGFZAV5v02mwPjtpzlrOveJiz5eZQ==
  
  clamp@^1.0.1:
    version "1.0.1"
    resolved "https://registry.yarnpkg.com/clamp/-/clamp-1.0.1.tgz#66a0e64011816e37196828fdc8c8c147312c8634"
    integrity sha512-kgMuFyE78OC6Dyu3Dy7vcx4uy97EIbVxJB/B0eJ3bUNAkwdNcxYzgKltnyADiYwsR7SEqkkUPsEUT//OVS6XMA==
  
  clip-pixels@^1.0.1:
    version "1.0.1"
    resolved "https://registry.yarnpkg.com/clip-pixels/-/clip-pixels-1.0.1.tgz#c6304c5b82f6a5b555f1a5990a1cde84077614f8"
    integrity sha512-nJ22fZvCwkJfMppkOEE7GciLX08rDnVzEJ+U46kBFZtwNzH2V4tNxMWa9Tc365WspCxy1c3NtGJ5EeT4SgjmCA==
  
  combined-stream@^1.0.6, combined-stream@~1.0.6:
    version "1.0.8"
    resolved "https://registry.yarnpkg.com/combined-stream/-/combined-stream-1.0.8.tgz#c3d45a8b34fd730631a110a8a2520682b31d5a7f"
    integrity sha512-FQN4MRfuJeHf7cBbBMJFXhKSDq+2kAArBlmRBvcvFE5BB1HZKXtSFASDhdlz9zOYwxh8lDdnvmMOe/+5cdoEdg==
    dependencies:
      delayed-stream "~1.0.0"
  
  compute-dims@^1.1.0:
    version "1.1.0"
    resolved "https://registry.yarnpkg.com/compute-dims/-/compute-dims-1.1.0.tgz#6d5b712929b6c531af3b4d580ed5adacbbd77e0c"
    integrity sha512-YHMiIKjH/8Eom8zATk3g8/lH3HxGCZcVQyEfEoVrfWI7od/WRpTgRGShnei3jArYSx77mQqPxZNokjGHCdLfxg==
    dependencies:
      utils-copy "^1.0.0"
      validate.io-array "^1.0.6"
      validate.io-matrix-like "^1.0.2"
      validate.io-ndarray-like "^1.0.0"
      validate.io-positive-integer "^1.0.0"
  
  const-max-uint32@^1.0.2:
    version "1.0.2"
    resolved "https://registry.yarnpkg.com/const-max-uint32/-/const-max-uint32-1.0.2.tgz#f009bb6230e678ed874dd2d6a9cd9e3cbfabb676"
    integrity sha512-T8/9bffg5RThuejasJWrwqxs3Q0fsJvyl7/33IB6svroD8JC93E7X60AuuOnDE8RlP6Jlb5FxmlrVDpl9KiU2Q==
  
  const-pinf-float64@^1.0.0:
    version "1.0.0"
    resolved "https://registry.yarnpkg.com/const-pinf-float64/-/const-pinf-float64-1.0.0.tgz#f6efb0d79f9c0986d3e79f2923abf9b70b63d726"
    integrity sha512-wfs+V4HdSN7C3CWJWR7hVa24yTPn3mDJthwhRIObZBh6UjTjkUMUrCP3UrNGozB/HjTpcScnGXtQUNa+yjsIJQ==
  
  core-util-is@1.0.2:
    version "1.0.2"
    resolved "https://registry.yarnpkg.com/core-util-is/-/core-util-is-1.0.2.tgz#b5fd54220aa2bc5ab57aab7140c940754503c1a7"
    integrity sha512-3lqz5YjWTYnW6dlDa5TLaTCcShfar1e40rmcJVwCBJC6mWlFuj0eCHIElmG1g5kyuJ/GD+8Wn4FFCcz4gJPfaQ==
  
  dashdash@^1.12.0:
    version "1.14.1"
    resolved "https://registry.yarnpkg.com/dashdash/-/dashdash-1.14.1.tgz#853cfa0f7cbe2fed5de20326b8dd581035f6e2f0"
    integrity sha512-jRFi8UDGo6j+odZiEpjazZaWqEal3w/basFjQHQEwVtZJGDpxbH1MeYluwCS8Xq5wmLJooDlMgvVarmWfGM44g==
    dependencies:
      assert-plus "^1.0.0"
  
  delayed-stream@~1.0.0:
    version "1.0.0"
    resolved "https://registry.yarnpkg.com/delayed-stream/-/delayed-stream-1.0.0.tgz#df3ae199acadfb7d440aaae0b29e2272b24ec619"
    integrity sha512-ZySD7Nf91aLB0RxL4KGrKHBXl7Eds1DAmEdcoVawXnLD7SDhpNgtuII2aAkg7a7QS41jxPSZ17p4VdGnMHk3MQ==
  
  dtype@^2.0.0:
    version "2.0.0"
    resolved "https://registry.yarnpkg.com/dtype/-/dtype-2.0.0.tgz#cd052323ce061444ecd2e8f5748f69a29be28434"
    integrity sha512-s2YVcLKdFGS0hpFqJaTwscsyt0E8nNFdmo73Ocd81xNPj4URI4rj6D60A+vFMIw7BXWlb4yRkEwfBqcZzPGiZg==
  
  ecc-jsbn@~0.1.1:
    version "0.1.2"
    resolved "https://registry.yarnpkg.com/ecc-jsbn/-/ecc-jsbn-0.1.2.tgz#3a83a904e54353287874c564b7549386849a98c9"
    integrity sha512-eh9O+hwRHNbG4BLTjEl3nw044CkGm5X6LoaCf7LPp7UU8Qrt47JYNi6nPX8xjW97TKGKm1ouctg0QSpZe9qrnw==
    dependencies:
      jsbn "~0.1.0"
      safer-buffer "^2.1.0"
  
  extend@~3.0.2:
    version "3.0.2"
    resolved "https://registry.yarnpkg.com/extend/-/extend-3.0.2.tgz#f8b1136b4071fbd8eb140aff858b1019ec2915fa"
    integrity sha512-fjquC59cD7CyW6urNXK0FBufkZcoiGG80wTuPujX590cB5Ttln20E2UB4S/WARVqhXffZl2LNgS+gQdPIIim/g==
  
  extsprintf@1.3.0:
    version "1.3.0"
    resolved "https://registry.yarnpkg.com/extsprintf/-/extsprintf-1.3.0.tgz#96918440e3041a7a414f8c52e3c574eb3c3e1e05"
    integrity sha512-11Ndz7Nv+mvAC1j0ktTa7fAb0vLyGGX+rMHNBYQviQDGU0Hw7lhctJANqbPhu9nV9/izT/IntTgZ7Im/9LJs9g==
  
  extsprintf@^1.2.0:
    version "1.4.1"
    resolved "https://registry.yarnpkg.com/extsprintf/-/extsprintf-1.4.1.tgz#8d172c064867f235c0c84a596806d279bf4bcc07"
    integrity sha512-Wrk35e8ydCKDj/ArClo1VrPVmN8zph5V4AtHwIuHhvMXsKf73UT3BOD+azBIW+3wOJ4FhEH7zyaJCFvChjYvMA==
  
  fast-deep-equal@^3.1.1:
    version "3.1.3"
    resolved "https://registry.yarnpkg.com/fast-deep-equal/-/fast-deep-equal-3.1.3.tgz#3a7d56b559d6cbc3eb512325244e619a65c6c525"
    integrity sha512-f3qQ9oQy9j2AhBe/H9VC91wLmKBCCU/gDOnKNAYG5hswO7BLKj09Hc5HYNz9cGI++xlpDCIgDaitVs03ATR84Q==
  
  fast-json-stable-stringify@^2.0.0:
    version "2.1.0"
    resolved "https://registry.yarnpkg.com/fast-json-stable-stringify/-/fast-json-stable-stringify-2.1.0.tgz#874bf69c6f404c2b5d99c481341399fd55892633"
    integrity sha512-lhd/wF+Lk98HZoTCtlVraHtfh5XYijIjalXck7saUtuanSDyLMxnHhSXEDJqHxD7msR8D0uCmqlkwjCV8xvwHw==
  
  file-type@^10.9.0:
    version "10.11.0"
    resolved "https://registry.yarnpkg.com/file-type/-/file-type-10.11.0.tgz#2961d09e4675b9fb9a3ee6b69e9cd23f43fd1890"
    integrity sha512-uzk64HRpUZyTGZtVuvrjP0FYxzQrBf4rojot6J65YMEbwBLB0CWm0CLojVpwpmFmxcE/lkvYICgfcGozbBq6rw==
  
  flatten-vertex-data@^1.0.2:
    version "1.0.2"
    resolved "https://registry.yarnpkg.com/flatten-vertex-data/-/flatten-vertex-data-1.0.2.tgz#889fd60bea506006ca33955ee1105175fb620219"
    integrity sha512-BvCBFK2NZqerFTdMDgqfHBwxYWnxeCkwONsw6PvBMcUXqo8U/KDWwmXhqx1x2kLIg7DqIsJfOaJFOmlua3Lxuw==
    dependencies:
      dtype "^2.0.0"
  
  flip-pixels@^1.0.1, flip-pixels@^1.0.2:
    version "1.0.2"
    resolved "https://registry.yarnpkg.com/flip-pixels/-/flip-pixels-1.0.2.tgz#aad7b7d9fc65932d5f27e2e4dac4b494140845e4"
    integrity sha512-oXbJGbjDnfJRWPC7Va38EFhd+A8JWE5/hCiKcK8qjCdbLj9DTpsq6MEudwpRTH+V4qq+Jw7d3pUgQdSr3x3mTA==
  
  forever-agent@~0.6.1:
    version "0.6.1"
    resolved "https://registry.yarnpkg.com/forever-agent/-/forever-agent-0.6.1.tgz#fbc71f0c41adeb37f96c577ad1ed42d8fdacca91"
    integrity sha512-j0KLYPhm6zeac4lz3oJ3o65qvgQCcPubiyotZrXqEaG4hNagNYO8qdlUrX5vwqv9ohqeT/Z3j6+yW067yWWdUw==
  
  form-data@~2.3.2:
    version "2.3.3"
    resolved "https://registry.yarnpkg.com/form-data/-/form-data-2.3.3.tgz#dcce52c05f644f298c6a7ab936bd724ceffbf3a6"
    integrity sha512-1lLKB2Mu3aGP1Q/2eCOx0fNbRMe7XdwktwOruhfqqd0rIJWwN4Dh+E3hrPSlDCXnSR7UtZ1N38rVXm+6+MEhJQ==
    dependencies:
      asynckit "^0.4.0"
      combined-stream "^1.0.6"
      mime-types "^2.1.12"
  
  getpass@^0.1.1:
    version "0.1.7"
    resolved "https://registry.yarnpkg.com/getpass/-/getpass-0.1.7.tgz#5eff8e3e684d569ae4cb2b1282604e8ba62149fa"
    integrity sha512-0fzj9JxOLfJ+XGLhR8ze3unN0KZCgZwiSSDz168VERjK8Wl8kVSdcu2kspd4s4wtAa1y/qrVRiAA0WclVsu0ng==
    dependencies:
      assert-plus "^1.0.0"
  
  har-schema@^2.0.0:
    version "2.0.0"
    resolved "https://registry.yarnpkg.com/har-schema/-/har-schema-2.0.0.tgz#a94c2224ebcac04782a0d9035521f24735b7ec92"
    integrity sha512-Oqluz6zhGX8cyRaTQlFMPw80bSJVG2x/cFb8ZPhUILGgHka9SsokCCOQgpveePerqidZOrT14ipqfJb7ILcW5Q==
  
  har-validator@~5.1.3:
    version "5.1.5"
    resolved "https://registry.yarnpkg.com/har-validator/-/har-validator-5.1.5.tgz#1f0803b9f8cb20c0fa13822df1ecddb36bde1efd"
    integrity sha512-nmT2T0lljbxdQZfspsno9hgrG3Uir6Ks5afism62poxqBM6sDnMEuPmzTq8XN0OEwqKLLdh1jQI3qyE66Nzb3w==
    dependencies:
      ajv "^6.12.3"
      har-schema "^2.0.0"
  
  http-signature@~1.2.0:
    version "1.2.0"
    resolved "https://registry.yarnpkg.com/http-signature/-/http-signature-1.2.0.tgz#9aecd925114772f3d95b65a60abb8f7c18fbace1"
    integrity sha512-CAbnr6Rz4CYQkLYUtSNXxQPUH2gK8f3iWexVlsnMeD+GjlsQ0Xsy1cOX+mN3dtxYomRy21CiOzU8Uhw6OwncEQ==
    dependencies:
      assert-plus "^1.0.0"
      jsprim "^1.2.2"
      sshpk "^1.7.0"
  
  image-decode@^1.1.0:
    version "1.2.2"
    resolved "https://registry.yarnpkg.com/image-decode/-/image-decode-1.2.2.tgz#4ca74fc534e7133c5096ed712d8c5bceb5ba1fc6"
    integrity sha512-WJSWrPNmEnWVYGkY22bA6206MKYjfGl01fdlwIp6ovdnPL2qGJyC3wQj8QqYbdblchzwgglFg8Jcb/1f6fhaTQ==
    dependencies:
      bmp-js "^0.1.0"
      buffer-to-uint8array "^1.1.0"
      image-type "^3.0.0"
      jpeg-js "^0.3.4"
      omggif "^1.0.9"
      pngjs "^3.3.3"
      to-array-buffer "^3.0.0"
      utif "^2.0.1"
  
  image-pixels@^2.2.2:
    version "2.2.2"
    resolved "https://registry.yarnpkg.com/image-pixels/-/image-pixels-2.2.2.tgz#cf959b39d9c7e6f3422fae7b2f0a8ce56a93a541"
    integrity sha512-jcHECwLUEUBMQLqpZF0Bs0ac/jvZXs/97JwD6J39rP98vgTyvvNKhUjYaWf+BSKKPYXfenctOQV95sDC7Z/aZQ==
    dependencies:
      arr-flatten "^1.1.0"
      arraybuffer-to-string "^1.0.2"
      clip-pixels "^1.0.1"
      flip-pixels "^1.0.1"
      image-decode "^1.1.0"
      image-type "^3.0.0"
      is-base64 "^0.1.0"
      is-blob "^2.0.0"
      is-browser "^2.1.0"
      is-buffer "^2.0.3"
      is-float-array "^1.0.0"
      is-plain-obj "^1.1.0"
      is-promise "^2.1.0"
      is-relative "^1.0.0"
      is-url "^1.2.4"
      object-assign "^4.1.1"
      parse-rect "^1.2.0"
      primitive-pool "^1.1.0"
      pxls "^2.3.2"
      request "^2.88.0"
      to-array-buffer "^3.1.1"
      to-uint8 "^1.4.0"
      weak-map "^1.0.5"
  
  image-type@^3.0.0:
    version "3.1.0"
    resolved "https://registry.yarnpkg.com/image-type/-/image-type-3.1.0.tgz#9148944c40c16d657174af2bd1af39d767c2c29f"
    integrity sha512-edYRXKQ3WD2yHXFGUbwoJVn5v7j1A6Z505uZUYIfzCwOOhPGLYSc3VOucF9fqbsaUbgb37DdjOU+WV4uo7ZooQ==
    dependencies:
      file-type "^10.9.0"
  
  is-base64@^0.1.0:
    version "0.1.0"
    resolved "https://registry.yarnpkg.com/is-base64/-/is-base64-0.1.0.tgz#a6f20610c6ef4863a51cba32bc0222544b932622"
    integrity sha512-WRRyllsGXJM7ZN7gPTCCQ/6wNPTRDwiWdPK66l5sJzcU/oOzcIcRRf0Rux8bkpox/1yjt0F6VJRsQOIG2qz5sg==
  
  is-blob@^2.0.0, is-blob@^2.0.1:
    version "2.1.0"
    resolved "https://registry.yarnpkg.com/is-blob/-/is-blob-2.1.0.tgz#e36cd82c90653f1e1b930f11baf9c64216a05385"
    integrity sha512-SZ/fTft5eUhQM6oF/ZaASFDEdbFVe89Imltn9uZr03wdKMcWNVYSMjQPFtg05QuNkt5l5c135ElvXEQG0rk4tw==
  
  is-browser@^2.1.0:
    version "2.1.0"
    resolved "https://registry.yarnpkg.com/is-browser/-/is-browser-2.1.0.tgz#fc084d59a5fced307d6708c59356bad7007371a9"
    integrity sha512-F5rTJxDQ2sW81fcfOR1GnCXT6sVJC104fCyfj+mjpwNEwaPYSn5fte5jiHmBg3DHsIoL/l8Kvw5VN5SsTRcRFQ==
  
  is-buffer@^2.0.3:
    version "2.0.5"
    resolved "https://registry.yarnpkg.com/is-buffer/-/is-buffer-2.0.5.tgz#ebc252e400d22ff8d77fa09888821a24a658c191"
    integrity sha512-i2R6zNFDwgEHJyQUtJEk0XFi1i0dPFn/oqjK3/vPCcDeJvW5NQ83V8QbicfF1SupOaB0h8ntgBC2YiE7dfyctQ==
  
  is-float-array@^1.0.0:
    version "1.0.0"
    resolved "https://registry.yarnpkg.com/is-float-array/-/is-float-array-1.0.0.tgz#96d67b1cbadf47ab1e05be208933acd386978a09"
    integrity sha512-4ew1Sx6B6kEAl3T3NOM0yB94J3NZnBdNt4paw0e8nY73yHHTeTEhyQ3Lj7EQEnv5LD+GxNTaT4L46jcKjjpLiQ==
  
  is-plain-obj@^1.1.0:
    version "1.1.0"
    resolved "https://registry.yarnpkg.com/is-plain-obj/-/is-plain-obj-1.1.0.tgz#71a50c8429dfca773c92a390a4a03b39fcd51d3e"
    integrity sha512-yvkRyxmFKEOQ4pNXCmJG5AEQNlXJS5LaONXo5/cLdTZdWvsZ1ioJEonLGAosKlMWE8lwUy/bJzMjcw8az73+Fg==
  
  is-promise@^2.1.0:
    version "2.2.2"
    resolved "https://registry.yarnpkg.com/is-promise/-/is-promise-2.2.2.tgz#39ab959ccbf9a774cf079f7b40c7a26f763135f1"
    integrity sha512-+lP4/6lKUBfQjZ2pdxThZvLUAafmZb8OAxFb8XXtiQmS35INgr85hdOGoEs124ez1FCnZJt6jau/T+alh58QFQ==
  
  is-relative@^1.0.0:
    version "1.0.0"
    resolved "https://registry.yarnpkg.com/is-relative/-/is-relative-1.0.0.tgz#a1bb6935ce8c5dba1e8b9754b9b2dcc020e2260d"
    integrity sha512-Kw/ReK0iqwKeu0MITLFuj0jbPAmEiOsIwyIXvvbfa6QfmN9pkD1M+8pdk7Rl/dTKbH34/XBFMbgD4iMJhLQbGA==
    dependencies:
      is-unc-path "^1.0.0"
  
  is-typedarray@~1.0.0:
    version "1.0.0"
    resolved "https://registry.yarnpkg.com/is-typedarray/-/is-typedarray-1.0.0.tgz#e479c80858df0c1b11ddda6940f96011fcda4a9a"
    integrity sha512-cyA56iCMHAh5CdzjJIa4aohJyeO1YbwLi3Jc35MmRU6poroFjIGZzUzupGiRPOjgHg9TLu43xbpwXk523fMxKA==
  
  is-unc-path@^1.0.0:
    version "1.0.0"
    resolved "https://registry.yarnpkg.com/is-unc-path/-/is-unc-path-1.0.0.tgz#d731e8898ed090a12c352ad2eaed5095ad322c9d"
    integrity sha512-mrGpVd0fs7WWLfVsStvgF6iEJnbjDFZh9/emhRDcGWTduTfNHd9CHeUwH3gYIjdbwo4On6hunkztwOaAw0yllQ==
    dependencies:
      unc-path-regex "^0.1.2"
  
  is-url@^1.2.4:
    version "1.2.4"
    resolved "https://registry.yarnpkg.com/is-url/-/is-url-1.2.4.tgz#04a4df46d28c4cff3d73d01ff06abeb318a1aa52"
    integrity sha512-ITvGim8FhRiYe4IQ5uHSkj7pVaPDrCTkNd3yq3cV7iZAcJdHTUMPMEHcqSOy9xZ9qFenQCvi+2wjH9a1nXqHww==
  
  isstream@~0.1.2:
    version "0.1.2"
    resolved "https://registry.yarnpkg.com/isstream/-/isstream-0.1.2.tgz#47e63f7af55afa6f92e1500e690eb8b8529c099a"
    integrity sha512-Yljz7ffyPbrLpLngrMtZ7NduUgVvi6wG9RJ9IUcyCd59YQ911PBJphODUcbOVbqYfxe1wuYf/LJ8PauMRwsM/g==
  
  jpeg-js@^0.3.4:
    version "0.3.7"
    resolved "https://registry.yarnpkg.com/jpeg-js/-/jpeg-js-0.3.7.tgz#471a89d06011640592d314158608690172b1028d"
    integrity sha512-9IXdWudL61npZjvLuVe/ktHiA41iE8qFyLB+4VDTblEsWBzeg8WQTlktdUK4CdncUqtUgUg0bbOmTE2bKBKaBQ==
  
  jsbn@~0.1.0:
    version "0.1.1"
    resolved "https://registry.yarnpkg.com/jsbn/-/jsbn-0.1.1.tgz#a5e654c2e5a2deb5f201d96cefbca80c0ef2f513"
    integrity sha512-UVU9dibq2JcFWxQPA6KCqj5O42VOmAY3zQUfEKxU0KpTGXwNoCjkX1e13eHNvw/xPynt6pU0rZ1htjWTNTSXsg==
  
  json-schema-traverse@^0.4.1:
    version "0.4.1"
    resolved "https://registry.yarnpkg.com/json-schema-traverse/-/json-schema-traverse-0.4.1.tgz#69f6a87d9513ab8bb8fe63bdb0979c448e684660"
    integrity sha512-xbbCH5dCYU5T8LcEhhuh7HJ88HXuW3qsI3Y0zOZFKfZEHcpWiHU/Jxzk629Brsab/mMiHQti9wMP+845RPe3Vg==
  
  json-schema@0.4.0:
    version "0.4.0"
    resolved "https://registry.yarnpkg.com/json-schema/-/json-schema-0.4.0.tgz#f7de4cf6efab838ebaeb3236474cbba5a1930ab5"
    integrity sha512-es94M3nTIfsEPisRafak+HDLfHXnKBhV3vU5eqPcS3flIWqcxJWgXHXiey3YrpaNsanY5ei1VoYEbOzijuq9BA==
  
  json-stringify-safe@~5.0.1:
    version "5.0.1"
    resolved "https://registry.yarnpkg.com/json-stringify-safe/-/json-stringify-safe-5.0.1.tgz#1296a2d58fd45f19a0f6ce01d65701e2c735b6eb"
    integrity sha512-ZClg6AaYvamvYEE82d3Iyd3vSSIjQ+odgjaTzRuO3s7toCdFKczob2i0zCh7JE8kWn17yvAWhUVxvqGwUalsRA==
  
  jsprim@^1.2.2:
    version "1.4.2"
    resolved "https://registry.yarnpkg.com/jsprim/-/jsprim-1.4.2.tgz#712c65533a15c878ba59e9ed5f0e26d5b77c5feb"
    integrity sha512-P2bSOMAc/ciLz6DzgjVlGJP9+BrJWu5UDGK70C2iweC5QBIeFf0ZXRvGjEj2uYgrY2MkAAhsSWHDWlFtEroZWw==
    dependencies:
      assert-plus "1.0.0"
      extsprintf "1.3.0"
      json-schema "0.4.0"
      verror "1.10.0"
  
  mime-db@1.52.0:
    version "1.52.0"
    resolved "https://registry.yarnpkg.com/mime-db/-/mime-db-1.52.0.tgz#bbabcdc02859f4987301c856e3387ce5ec43bf70"
    integrity sha512-sPU4uV7dYlvtWJxwwxHD0PuihVNiE7TyAbQ5SWxDCB9mUYvOgroQOwYQQOKPJ8CIbE+1ETVlOoK1UC2nU3gYvg==
  
  mime-types@^2.1.12, mime-types@~2.1.19:
    version "2.1.35"
    resolved "https://registry.yarnpkg.com/mime-types/-/mime-types-2.1.35.tgz#381a871b62a734450660ae3deee44813f70d959a"
    integrity sha512-ZDY+bPm5zTTF+YpCrAU9nK0UgICYPT0QtT1NZWFv4s++TNkcgVaT0g6+4R2uI4MjQjzysHB1zxuWL50hzaeXiw==
    dependencies:
      mime-db "1.52.0"
  
  oauth-sign@~0.9.0:
    version "0.9.0"
    resolved "https://registry.yarnpkg.com/oauth-sign/-/oauth-sign-0.9.0.tgz#47a7b016baa68b5fa0ecf3dee08a85c679ac6455"
    integrity sha512-fexhUFFPTGV8ybAtSIGbV6gOkSv8UtRbDBnAyLQw4QPKkgNlsH2ByPGtMUqdWkos6YCRmAqViwgZrJc/mRDzZQ==
  
  object-assign@^4.1.1:
    version "4.1.1"
    resolved "https://registry.yarnpkg.com/object-assign/-/object-assign-4.1.1.tgz#2109adc7965887cfc05cbbd442cac8bfbb360863"
    integrity sha512-rJgTQnkUnH1sFw8yT6VSU3zD3sWmu6sZhIseY8VX+GRu3P6F7Fu+JNDoXfklElbLJSnc3FUQHVe4cU5hj+BcUg==
  
  object-keys@^1.0.9:
    version "1.1.1"
    resolved "https://registry.yarnpkg.com/object-keys/-/object-keys-1.1.1.tgz#1c47f272df277f3b1daf061677d9c82e2322c60e"
    integrity sha512-NuAESUOUMrlIXOfHKzD6bpPu3tYt3xvjNdRIQ+FeT0lNb4K8WR70CaDxhuNguS2XG+GjkyMwOzsN5ZktImfhLA==
  
  omggif@^1.0.9:
    version "1.0.10"
    resolved "https://registry.yarnpkg.com/omggif/-/omggif-1.0.10.tgz#ddaaf90d4a42f532e9e7cb3a95ecdd47f17c7b19"
    integrity sha512-LMJTtvgc/nugXj0Vcrrs68Mn2D1r0zf630VNtqtpI1FEO7e+O9FP4gqs9AcnBaSEeoHIPm28u6qgPR0oyEpGSw==
  
  pako@^1.0.5:
    version "1.0.11"
    resolved "https://registry.yarnpkg.com/pako/-/pako-1.0.11.tgz#6c9599d340d54dfd3946380252a35705a6b992bf"
    integrity sha512-4hLB8Py4zZce5s4yd9XzopqwVv/yGNhV1Bl8NTmCq1763HeK2+EwVTv+leGeL13Dnh2wfbqowVPXCIO0z4taYw==
  
  parse-rect@^1.2.0:
    version "1.2.0"
    resolved "https://registry.yarnpkg.com/parse-rect/-/parse-rect-1.2.0.tgz#e0a5b0dbaaaee637a0a1eb9779969e19399d8dec"
    integrity sha512-4QZ6KYbnE6RTwg9E0HpLchUM9EZt6DnDxajFZZDSV4p/12ZJEvPO702DZpGvRYEPo00yKDys7jASi+/w7aO8LA==
    dependencies:
      pick-by-alias "^1.2.0"
  
  performance-now@^2.1.0:
    version "2.1.0"
    resolved "https://registry.yarnpkg.com/performance-now/-/performance-now-2.1.0.tgz#6309f4e0e5fa913ec1c69307ae364b4b377c9e7b"
    integrity sha512-7EAHlyLHI56VEIdK57uwHdHKIaAGbnXPiw0yWbarQZOKaKpvUIgW0jWRVLiatnM+XXlSwsanIBH/hzGMJulMow==
  
  pick-by-alias@^1.2.0:
    version "1.2.0"
    resolved "https://registry.yarnpkg.com/pick-by-alias/-/pick-by-alias-1.2.0.tgz#5f7cb2b1f21a6e1e884a0c87855aa4a37361107b"
    integrity sha512-ESj2+eBxhGrcA1azgHs7lARG5+5iLakc/6nlfbpjcLl00HuuUOIuORhYXN4D1HfvMSKuVtFQjAlnwi1JHEeDIw==
  
  pngjs@^3.3.3:
    version "3.4.0"
    resolved "https://registry.yarnpkg.com/pngjs/-/pngjs-3.4.0.tgz#99ca7d725965fb655814eaf65f38f12bbdbf555f"
    integrity sha512-NCrCHhWmnQklfH4MtJMRjZ2a8c80qXeMlQMv2uVp9ISJMTt562SbGd6n2oq0PaPgKm7Z6pL9E2UlLIhC+SHL3w==
  
  primitive-pool@^1.1.0:
    version "1.1.0"
    resolved "https://registry.yarnpkg.com/primitive-pool/-/primitive-pool-1.1.0.tgz#c2b2e49ff7402d5fc69c80c12f3c18b4b19a7799"
    integrity sha512-pl4l1R9OWWb4XmUpeX30yGz8ukZ25EiLhwlP2KqOqCb8NkwJt8qUeuCQEsk8CiAS7msICbPD18csu8jcIX7GNg==
  
  psl@^1.1.28:
    version "1.9.0"
    resolved "https://registry.yarnpkg.com/psl/-/psl-1.9.0.tgz#d0df2a137f00794565fcaf3b2c00cd09f8d5a5a7"
    integrity sha512-E/ZsdU4HLs/68gYzgGTkMicWTLPdAftJLfJFlLUAAKZGkStNU72sZjT66SnMDVOfOWY/YAoiD7Jxa9iHvngcag==
  
  punycode@^2.1.0, punycode@^2.1.1:
    version "2.1.1"
    resolved "https://registry.yarnpkg.com/punycode/-/punycode-2.1.1.tgz#b58b010ac40c22c5657616c8d2c2c02c7bf479ec"
    integrity sha512-XRsRjdf+j5ml+y/6GKHPZbrF/8p2Yga0JPtdqTIY2Xe5ohJPD9saDJJLPvp9+NSBprVvevdXZybnj2cv8OEd0A==
  
  pxls@^2.3.2:
    version "2.3.2"
    resolved "https://registry.yarnpkg.com/pxls/-/pxls-2.3.2.tgz#79100d2cc95089fc6e00053a9d93c1ddddb2c7b4"
    integrity sha512-pQkwgbLqWPcuES5iEmGa10OlCf5xG0blkIF3dg7PpRZShbTYcvAdfFfGL03SMrkaSUaa/V0UpN9HWg40O2AIIw==
    dependencies:
      arr-flatten "^1.1.0"
      compute-dims "^1.1.0"
      flip-pixels "^1.0.2"
      is-browser "^2.1.0"
      is-buffer "^2.0.3"
      to-uint8 "^1.4.1"
  
  qs@~6.5.2:
    version "6.5.3"
    resolved "https://registry.yarnpkg.com/qs/-/qs-6.5.3.tgz#3aeeffc91967ef6e35c0e488ef46fb296ab76aad"
    integrity sha512-qxXIEh4pCGfHICj1mAJQ2/2XVZkjCDTcEgfoSQxc/fYivUZxTkk7L3bDBJSoNrEzXI17oUO5Dp07ktqE5KzczA==
  
  regex-regex@^1.0.0:
    version "1.0.0"
    resolved "https://registry.yarnpkg.com/regex-regex/-/regex-regex-1.0.0.tgz#9048a1eaeb870f4d480dabc76fc42cdcc0bc3a72"
    integrity sha512-FPbEhFTLpxKNgHKay3zMfkHzFK2ebViAlyvsz5euO4kwekH0T6fAL4Sdo2CgQ7Y1tGB5HqQm8SBq7pW5GegvVA==
  
  request@^2.88.0:
    version "2.88.2"
    resolved "https://registry.yarnpkg.com/request/-/request-2.88.2.tgz#d73c918731cb5a87da047e207234146f664d12b3"
    integrity sha512-MsvtOrfG9ZcrOwAW+Qi+F6HbD0CWXEh9ou77uOb7FM2WPhwT7smM833PzanhJLsgXjN89Ir6V2PczXNnMpwKhw==
    dependencies:
      aws-sign2 "~0.7.0"
      aws4 "^1.8.0"
      caseless "~0.12.0"
      combined-stream "~1.0.6"
      extend "~3.0.2"
      forever-agent "~0.6.1"
      form-data "~2.3.2"
      har-validator "~5.1.3"
      http-signature "~1.2.0"
      is-typedarray "~1.0.0"
      isstream "~0.1.2"
      json-stringify-safe "~5.0.1"
      mime-types "~2.1.19"
      oauth-sign "~0.9.0"
      performance-now "^2.1.0"
      qs "~6.5.2"
      safe-buffer "^5.1.2"
      tough-cookie "~2.5.0"
      tunnel-agent "^0.6.0"
      uuid "^3.3.2"
  
  safe-buffer@^5.0.1, safe-buffer@^5.1.2:
    version "5.2.1"
    resolved "https://registry.yarnpkg.com/safe-buffer/-/safe-buffer-5.2.1.tgz#1eaf9fa9bdb1fdd4ec75f58f9cdb4e6b7827eec6"
    integrity sha512-rp3So07KcdmmKbGvgaNxQSJr7bGVSVk5S9Eq1F+ppbRo70+YeaDxkw5Dd8NPN+GD6bjnYm2VuPuCXmpuYvmCXQ==
  
  safer-buffer@^2.0.2, safer-buffer@^2.1.0, safer-buffer@~2.1.0:
    version "2.1.2"
    resolved "https://registry.yarnpkg.com/safer-buffer/-/safer-buffer-2.1.2.tgz#44fa161b0187b9549dd84bb91802f9bd8385cd6a"
    integrity sha512-YZo3K82SD7Riyi0E1EQPojLz7kpepnSQI9IyPbHHg1XXXevb5dJI7tpyN2ADxGcQbHG7vcyRHk0cbwqcQriUtg==
  
  sshpk@^1.7.0:
    version "1.17.0"
    resolved "https://registry.yarnpkg.com/sshpk/-/sshpk-1.17.0.tgz#578082d92d4fe612b13007496e543fa0fbcbe4c5"
    integrity sha512-/9HIEs1ZXGhSPE8X6Ccm7Nam1z8KcoCqPdI7ecm1N33EzAetWahvQWVqLZtaZQ+IDKX4IyA2o0gBzqIMkAagHQ==
    dependencies:
      asn1 "~0.2.3"
      assert-plus "^1.0.0"
      bcrypt-pbkdf "^1.0.0"
      dashdash "^1.12.0"
      ecc-jsbn "~0.1.1"
      getpass "^0.1.1"
      jsbn "~0.1.0"
      safer-buffer "^2.0.2"
      tweetnacl "~0.14.0"
  
  string-to-arraybuffer@^1.0.0:
    version "1.0.2"
    resolved "https://registry.yarnpkg.com/string-to-arraybuffer/-/string-to-arraybuffer-1.0.2.tgz#161147fbadea02e28b0935002cec4c40f1ca7f0a"
    integrity sha512-DaGZidzi93dwjQen5I2osxR9ERS/R7B1PFyufNMnzhj+fmlDQAc1DSDIJVJhgI8Oq221efIMbABUBdPHDRt43Q==
    dependencies:
      atob-lite "^2.0.0"
      is-base64 "^0.1.0"
  
  to-array-buffer@^3.0.0, to-array-buffer@^3.1.1:
    version "3.2.0"
    resolved "https://registry.yarnpkg.com/to-array-buffer/-/to-array-buffer-3.2.0.tgz#cb684dd691a7368c3b249c2348d75227f7d4dbb4"
    integrity sha512-zN33mwi0gpL+7xW1ITLfJ48CEj6ZQW0ZAP0MU+2W3kEY0PAIncyuxmD4OqkUVhPAbTP7amq9j/iwvZKYS+lzSQ==
    dependencies:
      flatten-vertex-data "^1.0.2"
      is-blob "^2.0.1"
      string-to-arraybuffer "^1.0.0"
  
  to-uint8@^1.4.0, to-uint8@^1.4.1:
    version "1.4.1"
    resolved "https://registry.yarnpkg.com/to-uint8/-/to-uint8-1.4.1.tgz#9f45694905b827f247d37bc8ec83b2818d81fac9"
    integrity sha512-o+ochsMlTZyucbww8It401FC2Rx+OP2RpDeYbA6h+y9HgedDl1UjdsJ9CmzKEG7AFP9es5PmJ4eDWeeeXihESg==
    dependencies:
      arr-flatten "^1.1.0"
      clamp "^1.0.1"
      is-base64 "^0.1.0"
      is-float-array "^1.0.0"
      to-array-buffer "^3.0.0"
  
  tough-cookie@~2.5.0:
    version "2.5.0"
    resolved "https://registry.yarnpkg.com/tough-cookie/-/tough-cookie-2.5.0.tgz#cd9fb2a0aa1d5a12b473bd9fb96fa3dcff65ade2"
    integrity sha512-nlLsUzgm1kfLXSXfRZMc1KLAugd4hqJHDTvc2hDIwS3mZAfMEuMbc03SujMF+GEcpaX/qboeycw6iO8JwVv2+g==
    dependencies:
      psl "^1.1.28"
      punycode "^2.1.1"
  
  tunnel-agent@^0.6.0:
    version "0.6.0"
    resolved "https://registry.yarnpkg.com/tunnel-agent/-/tunnel-agent-0.6.0.tgz#27a5dea06b36b04a0a9966774b290868f0fc40fd"
    integrity sha512-McnNiV1l8RYeY8tBgEpuodCC1mLUdbSN+CYBL7kJsJNInOP8UjDDEwdk6Mw60vdLLrr5NHKZhMAOSrR2NZuQ+w==
    dependencies:
      safe-buffer "^5.0.1"
  
  tweetnacl@^0.14.3, tweetnacl@~0.14.0:
    version "0.14.5"
    resolved "https://registry.yarnpkg.com/tweetnacl/-/tweetnacl-0.14.5.tgz#5ae68177f192d4456269d108afa93ff8743f4f64"
    integrity sha512-KXXFFdAbFXY4geFIwoyNK+f5Z1b7swfXABfL7HXCmoIWMKU3dmS26672A4EeQtDzLKy7SXmfBu51JolvEKwtGA==
  
  type-name@^2.0.0:
    version "2.0.2"
    resolved "https://registry.yarnpkg.com/type-name/-/type-name-2.0.2.tgz#efe7d4123d8ac52afff7f40c7e4dec5266008fb4"
    integrity sha512-kkgkuqR/jKdKO5oh/I2SMu2dGbLXoJq0zkdgbxaqYK+hr9S9edwVVGf+tMUFTx2gH9TN2+Zu9JZ/Njonb3cjhA==
  
  unc-path-regex@^0.1.2:
    version "0.1.2"
    resolved "https://registry.yarnpkg.com/unc-path-regex/-/unc-path-regex-0.1.2.tgz#e73dd3d7b0d7c5ed86fbac6b0ae7d8c6a69d50fa"
    integrity sha512-eXL4nmJT7oCpkZsHZUOJo8hcX3GbsiDOa0Qu9F646fi8dT3XuSVopVqAcEiVzSKKH7UoDti23wNX3qGFxcW5Qg==
  
  uri-js@^4.2.2:
    version "4.4.1"
    resolved "https://registry.yarnpkg.com/uri-js/-/uri-js-4.4.1.tgz#9b1a52595225859e55f669d928f88c6c57f2a77e"
    integrity sha512-7rKUyy33Q1yc98pQ1DAmLtwX109F7TIfWlW1Ydo8Wl1ii1SeHieeh0HHfPeL2fMXK6z0s8ecKs9frCuLJvndBg==
    dependencies:
      punycode "^2.1.0"
  
  utif@^2.0.1:
    version "2.0.1"
    resolved "https://registry.yarnpkg.com/utif/-/utif-2.0.1.tgz#9e1582d9bbd20011a6588548ed3266298e711759"
    integrity sha512-Z/S1fNKCicQTf375lIP9G8Sa1H/phcysstNrrSdZKj1f9g58J4NMgb5IgiEZN9/nLMPDwF0W7hdOe9Qq2IYoLg==
    dependencies:
      pako "^1.0.5"
  
  utils-copy-error@^1.0.0:
    version "1.0.1"
    resolved "https://registry.yarnpkg.com/utils-copy-error/-/utils-copy-error-1.0.1.tgz#791de393c0f09890afd59f3cbea635f079a94fa5"
    integrity sha512-RbJcGPZ6Ru2HQk9SWkvbdWNPX58pt4MO5uXsOQRu4LEGWB3LglkRrmnE/Ph1qWg6ywQ0qj95wTz1OeqQ2l8DCA==
    dependencies:
      object-keys "^1.0.9"
      utils-copy "^1.1.0"
  
  utils-copy@^1.0.0, utils-copy@^1.1.0:
    version "1.1.1"
    resolved "https://registry.yarnpkg.com/utils-copy/-/utils-copy-1.1.1.tgz#6e2b97982aa8cd73e1182a3e6f8bec3c0f4058a7"
    integrity sha512-+NhJVV+PcxjdpkMrVTqXhQHPldlFGca5XR9YnGyNn7kQ0fMi+DqNLzdnhJ4TJ1HNy/HzB7c+FPg3y+4icY99ZA==
    dependencies:
      const-pinf-float64 "^1.0.0"
      object-keys "^1.0.9"
      type-name "^2.0.0"
      utils-copy-error "^1.0.0"
      utils-indexof "^1.0.0"
      utils-regex-from-string "^1.0.0"
      validate.io-array "^1.0.3"
      validate.io-buffer "^1.0.1"
      validate.io-nonnegative-integer "^1.0.0"
  
  utils-indexof@^1.0.0:
    version "1.0.0"
    resolved "https://registry.yarnpkg.com/utils-indexof/-/utils-indexof-1.0.0.tgz#20feabf09ef1018b523643e8380e7bc83ec61b5c"
    integrity sha512-76QBfRJpn4A0P5uTO1x00x+Yog36w2Pab0n+aT9UfUvVa4l+e8k3p7YwNpDvfQ6+aKGZdxZpxcNotNS4YjFcyg==
    dependencies:
      validate.io-array-like "^1.0.1"
      validate.io-integer-primitive "^1.0.0"
  
  utils-regex-from-string@^1.0.0:
    version "1.0.0"
    resolved "https://registry.yarnpkg.com/utils-regex-from-string/-/utils-regex-from-string-1.0.0.tgz#fe1a2909f8de0ff0d5182c80fbc654d6a687d189"
    integrity sha512-xKfdmEF19iUu9TKxFiohQUlQTuqYdV80/CxHiudVI37iEV/OA4HHlXZoc4qvuO1B74EcBVpErBreRO/dpdLeYA==
    dependencies:
      regex-regex "^1.0.0"
      validate.io-string-primitive "^1.0.0"
  
  uuid@^3.3.2:
    version "3.4.0"
    resolved "https://registry.yarnpkg.com/uuid/-/uuid-3.4.0.tgz#b23e4358afa8a202fe7a100af1f5f883f02007ee"
    integrity sha512-HjSDRw6gZE5JMggctHBcjVak08+KEVhSIiDzFnT9S9aegmp85S/bReBVTb4QTFaRNptJ9kuYaNhnbNEOkbKb/A==
  
  validate.io-array-like@^1.0.1:
    version "1.0.2"
    resolved "https://registry.yarnpkg.com/validate.io-array-like/-/validate.io-array-like-1.0.2.tgz#7af9f7eb7b51715beb2215668ec5cce54faddb5a"
    integrity sha512-rGLiN0cvY9OWzQcWP+RtqZR/MK9RUz3gKDTCcRLtEQ/BvlanMF5PyqtVIN+CgrIBCv/ypfme9v7r4yMJPYpbNA==
    dependencies:
      const-max-uint32 "^1.0.2"
      validate.io-integer-primitive "^1.0.0"
  
  validate.io-array@^1.0.3, validate.io-array@^1.0.6:
    version "1.0.6"
    resolved "https://registry.yarnpkg.com/validate.io-array/-/validate.io-array-1.0.6.tgz#5b5a2cafd8f8b85abb2f886ba153f2d93a27774d"
    integrity sha512-DeOy7CnPEziggrOO5CZhVKJw6S3Yi7e9e65R1Nl/RTN1vTQKnzjfvks0/8kQ40FP/dsjRAOd4hxmJ7uLa6vxkg==
  
  validate.io-buffer@^1.0.1:
    version "1.0.2"
    resolved "https://registry.yarnpkg.com/validate.io-buffer/-/validate.io-buffer-1.0.2.tgz#852d6734021914d5d13afc32531761e3720ed44e"
    integrity sha512-6Tad+/QYOxWEXsesKYak1mHOzGdPYS4QeHFImWn7ECi4GR0x3vh7+6+1yoLKNXiklKuTFOxHLG3kZy9tPX0GvQ==
  
  validate.io-integer-primitive@^1.0.0:
    version "1.0.0"
    resolved "https://registry.yarnpkg.com/validate.io-integer-primitive/-/validate.io-integer-primitive-1.0.0.tgz#a9aa010355fe8681c0fea6c1a74ad2419cadddc6"
    integrity sha512-4ARGKA4FImVWJgrgttLYsYJmDGwxlhLfDCdq09gyVgohLKKRUfD3VAo1L2vTRCLt6hDhDtFKdZiuYUTWyBggwg==
    dependencies:
      validate.io-number-primitive "^1.0.0"
  
  validate.io-integer@^1.0.5:
    version "1.0.5"
    resolved "https://registry.yarnpkg.com/validate.io-integer/-/validate.io-integer-1.0.5.tgz#168496480b95be2247ec443f2233de4f89878068"
    integrity sha512-22izsYSLojN/P6bppBqhgUDjCkr5RY2jd+N2a3DCAUey8ydvrZ/OkGvFPR7qfOpwR2LC5p4Ngzxz36g5Vgr/hQ==
    dependencies:
      validate.io-number "^1.0.3"
  
  validate.io-matrix-like@^1.0.2:
    version "1.0.2"
    resolved "https://registry.yarnpkg.com/validate.io-matrix-like/-/validate.io-matrix-like-1.0.2.tgz#5ec32a75d0889dac736dea68bdd6145b155edfc3"
    integrity sha512-86mqLUIkZCRAOVKZvpCB7sDCw1dKBjBkY+C6WO/wLo/jQx0sOqQZz3LLtDw0DCfuAKxRuhSmIpX3nzr0nWrbdw==
  
  validate.io-ndarray-like@^1.0.0:
    version "1.0.0"
    resolved "https://registry.yarnpkg.com/validate.io-ndarray-like/-/validate.io-ndarray-like-1.0.0.tgz#d8a3b0ed165bbf1d2fc0d0073270cfa552295919"
    integrity sha512-OV85AosxraPFSXJwzv/d7Cu5/dLiyLtsHmxtHTJcHW1N0uscd0eJ2df1Zk+HdID0eUctUllW/1YuQPUJFv1pTA==
  
  validate.io-nonnegative-integer@^1.0.0:
    version "1.0.0"
    resolved "https://registry.yarnpkg.com/validate.io-nonnegative-integer/-/validate.io-nonnegative-integer-1.0.0.tgz#8069243a08c5f98e95413c929dfd7b18f3f6f29f"
    integrity sha512-uOMekPwcl84yg8NR7zgIZCZ9pHCtd9CK1Ri51N+ZJLTe1HyLbmdFdy7ZmfkiHkMvB1pOxeQmd1/LBjKhUD1L3A==
    dependencies:
      validate.io-integer "^1.0.5"
  
  validate.io-number-primitive@^1.0.0:
    version "1.0.0"
    resolved "https://registry.yarnpkg.com/validate.io-number-primitive/-/validate.io-number-primitive-1.0.0.tgz#d2e01f202989369dcf1155449564203afe584e55"
    integrity sha512-8rlCe7N0TRTd50dwk4WNoMXNbX/4+RdtqE3TO6Bk0GJvAgbQlfL5DGr/Pl9ZLbWR6CutMjE2cu+yOoCnFWk+Qw==
  
  validate.io-number@^1.0.3:
    version "1.0.3"
    resolved "https://registry.yarnpkg.com/validate.io-number/-/validate.io-number-1.0.3.tgz#f63ffeda248bf28a67a8d48e0e3b461a1665baf8"
    integrity sha512-kRAyotcbNaSYoDnXvb4MHg/0a1egJdLwS6oJ38TJY7aw9n93Fl/3blIXdyYvPOp55CNxywooG/3BcrwNrBpcSg==
  
  validate.io-positive-integer@^1.0.0:
    version "1.0.0"
    resolved "https://registry.yarnpkg.com/validate.io-positive-integer/-/validate.io-positive-integer-1.0.0.tgz#7ed2d03b4c27558cc66a00aab0f0e921814a6582"
    integrity sha512-eg4LSdyqjICNUZWRilcQ5l+YayRlu6yi+GQsWw1bCmtG9yayOPmLa1fPymEHPPhbvWPAv3w0LLbCsf03pBHZkg==
    dependencies:
      validate.io-integer "^1.0.5"
  
  validate.io-string-primitive@^1.0.0:
    version "1.0.1"
    resolved "https://registry.yarnpkg.com/validate.io-string-primitive/-/validate.io-string-primitive-1.0.1.tgz#b8135b9fb1372bde02fdd53ad1d0ccd6de798fee"
    integrity sha512-TORbkLMdOFkEbPtfdx76FSVQGSAzyUEMxI+pBq5pfFm1ZzIesP+XiGc6eIK75aKu7RA7a8EcqUv5OrY5wfog5w==
  
  verror@1.10.0:
    version "1.10.0"
    resolved "https://registry.yarnpkg.com/verror/-/verror-1.10.0.tgz#3a105ca17053af55d6e270c1f8288682e18da400"
    integrity sha512-ZZKSmDAEFOijERBLkmYfJ+vmk3w+7hOLYDNkRCuRuMJGEmqYNCNLyBBFwWKVMhfwaEF3WOd0Zlw86U/WC/+nYw==
    dependencies:
      assert-plus "^1.0.0"
      core-util-is "1.0.2"
      extsprintf "^1.2.0"
  
  weak-map@^1.0.5:
    version "1.0.8"
    resolved "https://registry.yarnpkg.com/weak-map/-/weak-map-1.0.8.tgz#394c18a9e8262e790544ed8b55c6a4ddad1cb1a3"
    integrity sha512-lNR9aAefbGPpHO7AEnY0hCFjz1eTkWCXYvkTRrTHs9qv8zJp+SkVYpzfLIFXQQiG3tVvbNFQgVg2bQS8YGgxyw==
